[debug] [2024-12-24T00:36:17.199Z] [Firebase Plugin] Activating Firebase extension.
[debug] [2024-12-24T00:36:24.355Z] [Firebase Plugin] VSCode notification server listening on port 40001
[info] [Firebase Plugin] Starting Data Connect toolkit on port 50001
[debug] [2024-12-24T00:36:27.329Z] I1223 19:36:27.299715    1738 control.go:45] [engine.Service /emulator/where-are-the-equis 6305] UpdateSchema(): done sources: schema/schema.gql [1384B] 
I1223 19:36:27.326033    1738 control.go:73] [engine.Service /emulator/where-are-the-equis 6305] UpdateConnector(default): done sources: connector/mutations.gql [1163B] connector/queries.gql [1855B] 
 {"metadata":{"emulator":{"name":"dataconnect"},"message":"I1223 19:36:27.299715    1738 control.go:45] [engine.Service /emulator/where-are-the-equis 6305] UpdateSchema(): done sources: schema/schema.gql [1384B] \nI1223 19:36:27.326033    1738 control.go:73] [engine.Service /emulator/where-are-the-equis 6305] UpdateConnector(default): done sources: connector/mutations.gql [1163B] connector/queries.gql [1855B] \n"}}
[debug] [2024-12-24T00:36:27.332Z] Ignoring unsupported arg: auto_download {"metadata":{"emulator":{"name":"dataconnect"},"message":"Ignoring unsupported arg: auto_download"}}
[debug] [2024-12-24T00:36:27.334Z] Ignoring unsupported arg: port {"metadata":{"emulator":{"name":"dataconnect"},"message":"Ignoring unsupported arg: port"}}
[debug] [2024-12-24T00:36:27.335Z] Starting Data Connect Emulator with command {"binary":"/Users/nikadarab/.cache/firebase/emulators/dataconnect-emulator-1.7.5","args":["--logtostderr","-v=2","dev","--listen=localhost:50001","--config_dir=/Users/nikadarab/dev/where-are-the-equis/dataconnect","--enable_output_schema_extensions=true","--enable_output_generated_sdk=true"],"optionalArgs":["listen","config_dir","enable_output_schema_extensions","enable_output_generated_sdk"],"joinArgs":true,"shell":false,"port":9399} {"metadata":{"emulator":{"name":"dataconnect"},"message":"Starting Data Connect Emulator with command {\"binary\":\"/Users/nikadarab/.cache/firebase/emulators/dataconnect-emulator-1.7.5\",\"args\":[\"--logtostderr\",\"-v=2\",\"dev\",\"--listen=localhost:50001\",\"--config_dir=/Users/nikadarab/dev/where-are-the-equis/dataconnect\",\"--enable_output_schema_extensions=true\",\"--enable_output_generated_sdk=true\"],\"optionalArgs\":[\"listen\",\"config_dir\",\"enable_output_schema_extensions\",\"enable_output_generated_sdk\"],\"joinArgs\":true,\"shell\":false,\"port\":9399}"}}
[info] i  dataconnect: Data Connect Emulator logging to dataconnect-debug.log {"metadata":{"emulator":{"name":"dataconnect"},"message":"Data Connect Emulator logging to dataconnect-debug.log"}}
[debug] [2024-12-24T00:36:27.417Z] I1223 19:36:27.396948    1739 load.go:37] Reloading schema and connectors...
 {"metadata":{"emulator":{"name":"dataconnect"},"message":"I1223 19:36:27.396948    1739 load.go:37] Reloading schema and connectors...\n"}}
[debug] [2024-12-24T00:36:27.422Z] I1223 19:36:27.419566    1739 control.go:45] [engine.Service /emulator/where-are-the-equis df25] UpdateSchema(): done sources: schema/schema.gql [1384B] 
 {"metadata":{"emulator":{"name":"dataconnect"},"message":"I1223 19:36:27.419566    1739 control.go:45] [engine.Service /emulator/where-are-the-equis df25] UpdateSchema(): done sources: schema/schema.gql [1384B] \n"}}
[debug] [2024-12-24T00:36:27.488Z] I1223 19:36:27.433302    1739 control.go:73] [engine.Service /emulator/where-are-the-equis df25] UpdateConnector(default): done sources: connector/mutations.gql [1163B] connector/queries.gql [1855B] 
 {"metadata":{"emulator":{"name":"dataconnect"},"message":"I1223 19:36:27.433302    1739 control.go:73] [engine.Service /emulator/where-are-the-equis df25] UpdateConnector(default): done sources: connector/mutations.gql [1163B] connector/queries.gql [1855B] \n"}}
[debug] [2024-12-24T00:36:27.500Z] I1223 19:36:27.496745    1739 codegen.go:82] [connector "default" javascriptSdk] Generating sources into "/Users/nikadarab/dev/where-are-the-equis/dataconnect-generated/js/default-connector"
 {"metadata":{"emulator":{"name":"dataconnect"},"message":"I1223 19:36:27.496745    1739 codegen.go:82] [connector \"default\" javascriptSdk] Generating sources into \"/Users/nikadarab/dev/where-are-the-equis/dataconnect-generated/js/default-connector\"\n"}}
[debug] [2024-12-24T00:36:27.515Z] I1223 19:36:27.502793    1739 collector.go:107] schema extensions wrote into "/Users/nikadarab/dev/where-are-the-equis/dataconnect/.dataconnect/schema"
Generated sources: prelude.gql [65151B] 
I1223 19:36:27.507763    1739 collector.go:107] connector "default" javascriptSdk wrote into "/Users/nikadarab/dev/where-are-the-equis/dataconnect-generated/js/default-connector"
Generated sources: index.d.ts [264B] esm/index.esm.js [192B] esm/package.json [17B] index.cjs.js [233B] package.json [634B] 
 {"metadata":{"emulator":{"name":"dataconnect"},"message":"I1223 19:36:27.502793    1739 collector.go:107] schema extensions wrote into \"/Users/nikadarab/dev/where-are-the-equis/dataconnect/.dataconnect/schema\"\nGenerated sources: prelude.gql [65151B] \nI1223 19:36:27.507763    1739 collector.go:107] connector \"default\" javascriptSdk wrote into \"/Users/nikadarab/dev/where-are-the-equis/dataconnect-generated/js/default-connector\"\nGenerated sources: index.d.ts [264B] esm/index.esm.js [192B] esm/package.json [17B] index.cjs.js [233B] package.json [634B] \n"}}
[debug] [2024-12-24T00:36:27.527Z] I1223 19:36:27.519492    1739 installsdk.go:48] Package @firebasegen/default-connector is already installed. Skipping installation
I1223 19:36:27.519616    1739 load.go:115] Finished reloading
 {"metadata":{"emulator":{"name":"dataconnect"},"message":"I1223 19:36:27.519492    1739 installsdk.go:48] Package @firebasegen/default-connector is already installed. Skipping installation\nI1223 19:36:27.519616    1739 load.go:115] Finished reloading\n"}}
[debug] [2024-12-24T00:36:27.529Z] I1223 19:36:27.527123    1739 dev.go:95] Listening on address (HTTP + gRPC): 127.0.0.1:50001
 {"metadata":{"emulator":{"name":"dataconnect"},"message":"I1223 19:36:27.527123    1739 dev.go:95] Listening on address (HTTP + gRPC): 127.0.0.1:50001\n"}}
[debug] [2024-12-24T00:36:27.833Z] I1223 19:36:27.832218    1739 engine.go:148] [engine.Service /emulator/where-are-the-equis df25] ExecuteGraphqlRead IntrospectionQuery: succeeded. 
 {"metadata":{"emulator":{"name":"dataconnect"},"message":"I1223 19:36:27.832218    1739 engine.go:148] [engine.Service /emulator/where-are-the-equis df25] ExecuteGraphqlRead IntrospectionQuery: succeeded. \n"}}
[debug] [2024-12-24T00:36:28.005Z] I1223 19:36:28.004809    1739 engine.go:148] [engine.Service /emulator/where-are-the-equis df25] ExecuteGraphqlRead IntrospectionQuery: succeeded. 
 {"metadata":{"emulator":{"name":"dataconnect"},"message":"I1223 19:36:28.004809    1739 engine.go:148] [engine.Service /emulator/where-are-the-equis df25] ExecuteGraphqlRead IntrospectionQuery: succeeded. \n"}}
[info] [Firebase Plugin] Stopping Data Connect toolkit
[warn] ⚠  Data Connect Emulator has exited upon receiving signal: SIGINT 
[debug] [2024-12-25T18:57:12.834Z] [Firebase Plugin] Activating Firebase extension.
[debug] [2024-12-25T18:57:26.534Z] [Firebase Plugin] VSCode notification server listening on port 40001
[info] [Firebase Plugin] Starting Data Connect toolkit on port 50001
[debug] [2024-12-25T18:57:27.325Z] I1225 13:57:27.311219   11696 control.go:45] [engine.Service /emulator/where-are-the-equis 6490] UpdateSchema(): done sources: schema/schema.gql [1384B] 
I1225 13:57:27.322444   11696 control.go:73] [engine.Service /emulator/where-are-the-equis 6490] UpdateConnector(default): done sources: connector/mutations.gql [1163B] connector/queries.gql [1855B] 
 {"metadata":{"emulator":{"name":"dataconnect"},"message":"I1225 13:57:27.311219   11696 control.go:45] [engine.Service /emulator/where-are-the-equis 6490] UpdateSchema(): done sources: schema/schema.gql [1384B] \nI1225 13:57:27.322444   11696 control.go:73] [engine.Service /emulator/where-are-the-equis 6490] UpdateConnector(default): done sources: connector/mutations.gql [1163B] connector/queries.gql [1855B] \n"}}
[debug] [2024-12-25T18:57:27.327Z] Ignoring unsupported arg: auto_download {"metadata":{"emulator":{"name":"dataconnect"},"message":"Ignoring unsupported arg: auto_download"}}
[debug] [2024-12-25T18:57:27.327Z] Ignoring unsupported arg: port {"metadata":{"emulator":{"name":"dataconnect"},"message":"Ignoring unsupported arg: port"}}
[debug] [2024-12-25T18:57:27.328Z] Starting Data Connect Emulator with command {"binary":"/Users/nikadarab/.cache/firebase/emulators/dataconnect-emulator-1.7.5","args":["--logtostderr","-v=2","dev","--listen=localhost:50001","--config_dir=/Users/nikadarab/dev/where-are-the-equis/dataconnect","--enable_output_schema_extensions=true","--enable_output_generated_sdk=true"],"optionalArgs":["listen","config_dir","enable_output_schema_extensions","enable_output_generated_sdk"],"joinArgs":true,"shell":false,"port":9399} {"metadata":{"emulator":{"name":"dataconnect"},"message":"Starting Data Connect Emulator with command {\"binary\":\"/Users/nikadarab/.cache/firebase/emulators/dataconnect-emulator-1.7.5\",\"args\":[\"--logtostderr\",\"-v=2\",\"dev\",\"--listen=localhost:50001\",\"--config_dir=/Users/nikadarab/dev/where-are-the-equis/dataconnect\",\"--enable_output_schema_extensions=true\",\"--enable_output_generated_sdk=true\"],\"optionalArgs\":[\"listen\",\"config_dir\",\"enable_output_schema_extensions\",\"enable_output_generated_sdk\"],\"joinArgs\":true,\"shell\":false,\"port\":9399}"}}
[info] i  dataconnect: Data Connect Emulator logging to dataconnect-debug.log {"metadata":{"emulator":{"name":"dataconnect"},"message":"Data Connect Emulator logging to dataconnect-debug.log"}}
[debug] [2024-12-25T18:57:27.936Z] I1225 13:57:27.392043   11697 load.go:37] Reloading schema and connectors...
I1225 13:57:27.413627   11697 control.go:45] [engine.Service /emulator/where-are-the-equis ad6e] UpdateSchema(): done sources: schema/schema.gql [1384B] 
I1225 13:57:27.427986   11697 control.go:73] [engine.Service /emulator/where-are-the-equis ad6e] UpdateConnector(default): done sources: connector/mutations.gql [1163B] connector/queries.gql [1855B] 
I1225 13:57:27.477589   11697 codegen.go:82] [connector "default" javascriptSdk] Generating sources into "/Users/nikadarab/dev/where-are-the-equis/dataconnect-generated/js/default-connector"
I1225 13:57:27.488849   11697 collector.go:107] schema extensions wrote into "/Users/nikadarab/dev/where-are-the-equis/dataconnect/.dataconnect/schema"
Generated sources: prelude.gql [65151B] 
I1225 13:57:27.497610   11697 collector.go:107] connector "default" javascriptSdk wrote into "/Users/nikadarab/dev/where-are-the-equis/dataconnect-generated/js/default-connector"
Generated sources: esm/package.json [17B] index.cjs.js [233B] package.json [634B] index.d.ts [264B] esm/index.esm.js [192B] 
I1225 13:57:27.504023   11697 installsdk.go:48] Package @firebasegen/default-connector is already installed. Skipping installation
I1225 13:57:27.504085   11697 load.go:115] Finished reloading
I1225 13:57:27.512678   11697 dev.go:95] Listening on address (HTTP + gRPC): 127.0.0.1:50001
 {"metadata":{"emulator":{"name":"dataconnect"},"message":"I1225 13:57:27.392043   11697 load.go:37] Reloading schema and connectors...\nI1225 13:57:27.413627   11697 control.go:45] [engine.Service /emulator/where-are-the-equis ad6e] UpdateSchema(): done sources: schema/schema.gql [1384B] \nI1225 13:57:27.427986   11697 control.go:73] [engine.Service /emulator/where-are-the-equis ad6e] UpdateConnector(default): done sources: connector/mutations.gql [1163B] connector/queries.gql [1855B] \nI1225 13:57:27.477589   11697 codegen.go:82] [connector \"default\" javascriptSdk] Generating sources into \"/Users/nikadarab/dev/where-are-the-equis/dataconnect-generated/js/default-connector\"\nI1225 13:57:27.488849   11697 collector.go:107] schema extensions wrote into \"/Users/nikadarab/dev/where-are-the-equis/dataconnect/.dataconnect/schema\"\nGenerated sources: prelude.gql [65151B] \nI1225 13:57:27.497610   11697 collector.go:107] connector \"default\" javascriptSdk wrote into \"/Users/nikadarab/dev/where-are-the-equis/dataconnect-generated/js/default-connector\"\nGenerated sources: esm/package.json [17B] index.cjs.js [233B] package.json [634B] index.d.ts [264B] esm/index.esm.js [192B] \nI1225 13:57:27.504023   11697 installsdk.go:48] Package @firebasegen/default-connector is already installed. Skipping installation\nI1225 13:57:27.504085   11697 load.go:115] Finished reloading\nI1225 13:57:27.512678   11697 dev.go:95] Listening on address (HTTP + gRPC): 127.0.0.1:50001\n"}}
[debug] [2024-12-25T18:57:28.493Z] I1225 13:57:28.461155   11697 engine.go:148] [engine.Service /emulator/where-are-the-equis ad6e] ExecuteGraphqlRead IntrospectionQuery: succeeded. 
 {"metadata":{"emulator":{"name":"dataconnect"},"message":"I1225 13:57:28.461155   11697 engine.go:148] [engine.Service /emulator/where-are-the-equis ad6e] ExecuteGraphqlRead IntrospectionQuery: succeeded. \n"}}
